# JRE version: Java(TM) SE Runtime Environment (17.0.12+8) (build 17.0.12+8-LTS-286)
# Java VM: Java HotSpot(TM) 64-Bit Server VM (17.0.12+8-LTS-286, mixed mode, sharing, tiered, compressed oops, compressed class ptrs, g1 gc, windows-amd64)
GC Precious Log:
 CPUs: 12 total, 12 available
 Memory: 15553M
 Large Page Support: Disabled
 NUMA Support: Disabled
 Compressed Oops: Enabled (Zero based)
 Heap Region Size: 2M
 Heap Min Capacity: 8M
 Heap Initial Capacity: 244M
 Heap Max Capacity: 3890M
 Pre-touch: Disabled
 Parallel Workers: 10
 Concurrent Workers: 3
 Concurrent Refinement Workers: 10
 Periodic GC: Disabled
Heap:
 garbage-first heap   total 540672K, used 264100K [0x000000070ce00000, 0x0000000800000000)
  region size 2048K, 7 young (14336K), 7 survivors (14336K)
 Metaspace       used 90221K, committed 90560K, reserved 1179648K
  class space    used 8850K, committed 9024K, reserved 1048576K
GC Heap History (20 events):
Event: 14.481 GC heap after
{Heap after GC invocations=39 (full 0):
 garbage-first heap   total 540672K, used 204414K [0x000000070ce00000, 0x0000000800000000)
  region size 2048K, 9 young (18432K), 9 survivors (18432K)
 Metaspace       used 81494K, committed 81920K, reserved 1179648K
  class space    used 8289K, committed 8512K, reserved 1048576K
}
Event: 14.506 GC heap before
{Heap before GC invocations=39 (full 0):
 garbage-first heap   total 540672K, used 212606K [0x000000070ce00000, 0x0000000800000000)
  region size 2048K, 13 young (26624K), 9 survivors (18432K)
 Metaspace       used 81504K, committed 81920K, reserved 1179648K
  class space    used 8289K, committed 8512K, reserved 1048576K
}
Event: 14.512 GC heap after
{Heap after GC invocations=40 (full 0):
 garbage-first heap   total 540672K, used 205525K [0x000000070ce00000, 0x0000000800000000)
  region size 2048K, 2 young (4096K), 2 survivors (4096K)
 Metaspace       used 81504K, committed 81920K, reserved 1179648K
  class space    used 8289K, committed 8512K, reserved 1048576K
}
Event: 15.572 GC heap before
{Heap before GC invocations=40 (full 0):
 garbage-first heap   total 540672K, used 418517K [0x000000070ce00000, 0x0000000800000000)
  region size 2048K, 106 young (217088K), 2 survivors (4096K)
 Metaspace       used 87412K, committed 87808K, reserved 1179648K
  class space    used 8782K, committed 8960K, reserved 1048576K
}
Event: 15.576 GC heap after
{Heap after GC invocations=41 (full 0):
 garbage-first heap   total 540672K, used 210073K [0x000000070ce00000, 0x0000000800000000)
  region size 2048K, 4 young (8192K), 4 survivors (8192K)
 Metaspace       used 87412K, committed 87808K, reserved 1179648K
  class space    used 8782K, committed 8960K, reserved 1048576K
}
Event: 16.433 GC heap before
{Heap before GC invocations=41 (full 0):
 garbage-first heap   total 540672K, used 429209K [0x000000070ce00000, 0x0000000800000000)
  region size 2048K, 111 young (227328K), 4 survivors (8192K)
 Metaspace       used 89340K, committed 89728K, reserved 1179648K
  class space    used 8831K, committed 9024K, reserved 1048576K
}
Event: 16.444 GC heap after
{Heap after GC invocations=42 (full 0):
 garbage-first heap   total 540672K, used 220684K [0x000000070ce00000, 0x0000000800000000)
  region size 2048K, 9 young (18432K), 9 survivors (18432K)
 Metaspace       used 89340K, committed 89728K, reserved 1179648K
  class space    used 8831K, committed 9024K, reserved 1048576K
}
Event: 16.864 GC heap before
{Heap before GC invocations=42 (full 0):
 garbage-first heap   total 540672K, used 435724K [0x000000070ce00000, 0x0000000800000000)
  region size 2048K, 114 young (233472K), 9 survivors (18432K)
 Metaspace       used 89727K, committed 90112K, reserved 1179648K
  class space    used 8848K, committed 9024K, reserved 1048576K
}
Event: 16.872 GC heap after
{Heap after GC invocations=43 (full 0):
 garbage-first heap   total 540672K, used 227396K [0x000000070ce00000, 0x0000000800000000)
  region size 2048K, 9 young (18432K), 9 survivors (18432K)
 Metaspace       used 89727K, committed 90112K, reserved 1179648K
  class space    used 8848K, committed 9024K, reserved 1048576K
}
Event: 17.302 GC heap before
{Heap before GC invocations=43 (full 0):
 garbage-first heap   total 540672K, used 440388K [0x000000070ce00000, 0x0000000800000000)
  region size 2048K, 113 young (231424K), 9 survivors (18432K)
 Metaspace       used 89943K, committed 90304K, reserved 1179648K
  class space    used 8850K, committed 9024K, reserved 1048576K
}
Event: 17.307 GC heap after
{Heap after GC invocations=44 (full 0):
 garbage-first heap   total 540672K, used 233739K [0x000000070ce00000, 0x0000000800000000)
  region size 2048K, 9 young (18432K), 9 survivors (18432K)
 Metaspace       used 89943K, committed 90304K, reserved 1179648K
  class space    used 8850K, committed 9024K, reserved 1048576K
}
Event: 17.509 GC heap before
{Heap before GC invocations=44 (full 0):
 garbage-first heap   total 540672K, used 442635K [0x000000070ce00000, 0x0000000800000000)
  region size 2048K, 111 young (227328K), 9 survivors (18432K)
 Metaspace       used 90040K, committed 90432K, reserved 1179648K
  class space    used 8850K, committed 9024K, reserved 1048576K
}
Event: 17.518 GC heap after
{Heap after GC invocations=45 (full 0):
 garbage-first heap   total 540672K, used 249159K [0x000000070ce00000, 0x0000000800000000)
  region size 2048K, 13 young (26624K), 13 survivors (26624K)
 Metaspace       used 90040K, committed 90432K, reserved 1179648K
  class space    used 8850K, committed 9024K, reserved 1048576K
}
Event: 17.758 GC heap before
{Heap before GC invocations=45 (full 0):
 garbage-first heap   total 540672K, used 441671K [0x000000070ce00000, 0x0000000800000000)
  region size 2048K, 107 young (219136K), 13 survivors (26624K)
 Metaspace       used 90125K, committed 90496K, reserved 1179648K
  class space    used 8850K, committed 9024K, reserved 1048576K
}
Event: 17.762 GC heap after
{Heap after GC invocations=46 (full 0):
 garbage-first heap   total 540672K, used 246436K [0x000000070ce00000, 0x0000000800000000)
  region size 2048K, 6 young (12288K), 6 survivors (12288K)
 Metaspace       used 90125K, committed 90496K, reserved 1179648K
  class space    used 8850K, committed 9024K, reserved 1048576K
}
Event: 17.932 GC heap before
{Heap before GC invocations=46 (full 0):
 garbage-first heap   total 540672K, used 443044K [0x000000070ce00000, 0x0000000800000000)
  region size 2048K, 102 young (208896K), 6 survivors (12288K)
 Metaspace       used 90141K, committed 90496K, reserved 1179648K
  class space    used 8850K, committed 9024K, reserved 1048576K
}
Event: 17.940 GC heap after
{Heap after GC invocations=47 (full 0):
 garbage-first heap   total 540672K, used 255855K [0x000000070ce00000, 0x0000000800000000)
  region size 2048K, 11 young (22528K), 11 survivors (22528K)
 Metaspace       used 90141K, committed 90496K, reserved 1179648K
  class space    used 8850K, committed 9024K, reserved 1048576K
}
Event: 18.177 GC heap before
{Heap before GC invocations=47 (full 0):
 garbage-first heap   total 540672K, used 440175K [0x000000070ce00000, 0x0000000800000000)
  region size 2048K, 101 young (206848K), 11 survivors (22528K)
 Metaspace       used 90176K, committed 90560K, reserved 1179648K
  class space    used 8850K, committed 9024K, reserved 1048576K
}
Event: 18.182 GC heap after
{Heap after GC invocations=48 (full 0):
 garbage-first heap   total 540672K, used 259395K [0x000000070ce00000, 0x0000000800000000)
  region size 2048K, 9 young (18432K), 9 survivors (18432K)
 Metaspace       used 90176K, committed 90560K, reserved 1179648K
  class space    used 8850K, committed 9024K, reserved 1048576K
}
Event: 18.340 GC heap before
{Heap before GC invocations=48 (full 0):
 garbage-first heap   total 540672K, used 441667K [0x000000070ce00000, 0x0000000800000000)
  region size 2048K, 98 young (200704K), 9 survivors (18432K)
 Metaspace       used 90221K, committed 90560K, reserved 1179648K
  class space    used 8850K, committed 9024K, reserved 1048576K
}

