# JRE version: Java(TM) SE Runtime Environment (17.0.12+8) (build 17.0.12+8-LTS-286)
# Java VM: Java HotSpot(TM) 64-Bit Server VM (17.0.12+8-LTS-286, mixed mode, sharing, tiered, compressed oops, compressed class ptrs, g1 gc, windows-amd64)
GC Precious Log:
 CPUs: 12 total, 12 available
 Memory: 15553M
 Large Page Support: Disabled
 NUMA Support: Disabled
 Compressed Oops: Enabled (Zero based)
 Heap Region Size: 2M
 Heap Min Capacity: 8M
 Heap Initial Capacity: 244M
 Heap Max Capacity: 3890M
 Pre-touch: Disabled
 Parallel Workers: 10
 Concurrent Workers: 3
 Concurrent Refinement Workers: 10
 Periodic GC: Disabled
Heap:
 garbage-first heap   total 290816K, used 181137K [0x000000070ce00000, 0x0000000800000000)
  region size 2048K, 12 young (24576K), 6 survivors (12288K)
 Metaspace       used 67205K, committed 67456K, reserved 1114112K
  class space    used 7097K, committed 7232K, reserved 1048576K
GC Heap History (20 events):
Event: 4.368 GC heap before
{Heap before GC invocations=20 (full 0):
 garbage-first heap   total 120832K, used 94157K [0x000000070ce00000, 0x0000000800000000)
  region size 2048K, 14 young (28672K), 2 survivors (4096K)
 Metaspace       used 50675K, committed 50944K, reserved 1114112K
  class space    used 6006K, committed 6144K, reserved 1048576K
}
Event: 4.380 GC heap after
{Heap after GC invocations=21 (full 0):
 garbage-first heap   total 241664K, used 76398K [0x000000070ce00000, 0x0000000800000000)
  region size 2048K, 2 young (4096K), 2 survivors (4096K)
 Metaspace       used 50675K, committed 50944K, reserved 1114112K
  class space    used 6006K, committed 6144K, reserved 1048576K
}
Event: 5.486 GC heap before
{Heap before GC invocations=22 (full 0):
 garbage-first heap   total 241664K, used 168558K [0x000000070ce00000, 0x0000000800000000)
  region size 2048K, 47 young (96256K), 2 survivors (4096K)
 Metaspace       used 52529K, committed 52864K, reserved 1114112K
  class space    used 6084K, committed 6272K, reserved 1048576K
}
Event: 5.501 GC heap after
{Heap after GC invocations=23 (full 0):
 garbage-first heap   total 241664K, used 93445K [0x000000070ce00000, 0x0000000800000000)
  region size 2048K, 6 young (12288K), 6 survivors (12288K)
 Metaspace       used 52529K, committed 52864K, reserved 1114112K
  class space    used 6084K, committed 6272K, reserved 1048576K
}
Event: 6.150 GC heap before
{Heap before GC invocations=23 (full 0):
 garbage-first heap   total 241664K, used 165125K [0x000000070ce00000, 0x0000000800000000)
  region size 2048K, 41 young (83968K), 6 survivors (12288K)
 Metaspace       used 53127K, committed 53440K, reserved 1114112K
  class space    used 6088K, committed 6272K, reserved 1048576K
}
Event: 6.162 GC heap after
{Heap after GC invocations=24 (full 0):
 garbage-first heap   total 241664K, used 101306K [0x000000070ce00000, 0x0000000800000000)
  region size 2048K, 4 young (8192K), 4 survivors (8192K)
 Metaspace       used 53127K, committed 53440K, reserved 1114112K
  class space    used 6088K, committed 6272K, reserved 1048576K
}
Event: 6.845 GC heap before
{Heap before GC invocations=24 (full 0):
 garbage-first heap   total 241664K, used 175034K [0x000000070ce00000, 0x0000000800000000)
  region size 2048K, 40 young (81920K), 4 survivors (8192K)
 Metaspace       used 53668K, committed 53952K, reserved 1114112K
  class space    used 6099K, committed 6272K, reserved 1048576K
}
Event: 6.853 GC heap after
{Heap after GC invocations=25 (full 0):
 garbage-first heap   total 241664K, used 106078K [0x000000070ce00000, 0x0000000800000000)
  region size 2048K, 3 young (6144K), 3 survivors (6144K)
 Metaspace       used 53668K, committed 53952K, reserved 1114112K
  class space    used 6099K, committed 6272K, reserved 1048576K
}
Event: 7.415 GC heap before
{Heap before GC invocations=25 (full 0):
 garbage-first heap   total 241664K, used 181854K [0x000000070ce00000, 0x0000000800000000)
  region size 2048K, 40 young (81920K), 3 survivors (6144K)
 Metaspace       used 53951K, committed 54272K, reserved 1114112K
  class space    used 6101K, committed 6272K, reserved 1048576K
}
Event: 7.421 GC heap after
{Heap after GC invocations=26 (full 0):
 garbage-first heap   total 241664K, used 109228K [0x000000070ce00000, 0x0000000800000000)
  region size 2048K, 4 young (8192K), 4 survivors (8192K)
 Metaspace       used 53951K, committed 54272K, reserved 1114112K
  class space    used 6101K, committed 6272K, reserved 1048576K
}
Event: 7.880 GC heap before
{Heap before GC invocations=26 (full 0):
 garbage-first heap   total 241664K, used 189100K [0x000000070ce00000, 0x0000000800000000)
  region size 2048K, 43 young (88064K), 4 survivors (8192K)
 Metaspace       used 54118K, committed 54464K, reserved 1114112K
  class space    used 6103K, committed 6272K, reserved 1048576K
}
Event: 7.888 GC heap after
{Heap after GC invocations=27 (full 0):
 garbage-first heap   total 290816K, used 113107K [0x000000070ce00000, 0x0000000800000000)
  region size 2048K, 4 young (8192K), 4 survivors (8192K)
 Metaspace       used 54118K, committed 54464K, reserved 1114112K
  class space    used 6103K, committed 6272K, reserved 1048576K
}
Event: 9.253 GC heap before
{Heap before GC invocations=27 (full 0):
 garbage-first heap   total 290816K, used 227795K [0x000000070ce00000, 0x0000000800000000)
  region size 2048K, 60 young (122880K), 4 survivors (8192K)
 Metaspace       used 58256K, committed 58496K, reserved 1114112K
  class space    used 6404K, committed 6528K, reserved 1048576K
}
Event: 9.262 GC heap after
{Heap after GC invocations=28 (full 0):
 garbage-first heap   total 290816K, used 123117K [0x000000070ce00000, 0x0000000800000000)
  region size 2048K, 8 young (16384K), 8 survivors (16384K)
 Metaspace       used 58256K, committed 58496K, reserved 1114112K
  class space    used 6404K, committed 6528K, reserved 1048576K
}
Event: 9.999 GC heap before
{Heap before GC invocations=28 (full 0):
 garbage-first heap   total 290816K, used 227565K [0x000000070ce00000, 0x0000000800000000)
  region size 2048K, 59 young (120832K), 8 survivors (16384K)
 Metaspace       used 58969K, committed 59264K, reserved 1114112K
  class space    used 6440K, committed 6592K, reserved 1048576K
}
Event: 10.018 GC heap after
{Heap after GC invocations=29 (full 0):
 garbage-first heap   total 290816K, used 137988K [0x000000070ce00000, 0x0000000800000000)
  region size 2048K, 8 young (16384K), 8 survivors (16384K)
 Metaspace       used 58969K, committed 59264K, reserved 1114112K
  class space    used 6440K, committed 6592K, reserved 1048576K
}
Event: 11.124 GC heap before
{Heap before GC invocations=29 (full 0):
 garbage-first heap   total 290816K, used 226052K [0x000000070ce00000, 0x0000000800000000)
  region size 2048K, 51 young (104448K), 8 survivors (16384K)
 Metaspace       used 66061K, committed 66304K, reserved 1114112K
  class space    used 7040K, committed 7168K, reserved 1048576K
}
Event: 11.142 GC heap after
{Heap after GC invocations=30 (full 0):
 garbage-first heap   total 290816K, used 152742K [0x000000070ce00000, 0x0000000800000000)
  region size 2048K, 7 young (14336K), 7 survivors (14336K)
 Metaspace       used 66061K, committed 66304K, reserved 1114112K
  class space    used 7040K, committed 7168K, reserved 1048576K
}
Event: 11.501 GC heap before
{Heap before GC invocations=30 (full 0):
 garbage-first heap   total 290816K, used 228518K [0x000000070ce00000, 0x0000000800000000)
  region size 2048K, 44 young (90112K), 7 survivors (14336K)
 Metaspace       used 66460K, committed 66752K, reserved 1114112K
  class space    used 7054K, committed 7232K, reserved 1048576K
}
Event: 11.520 GC heap after
{Heap after GC invocations=31 (full 0):
 garbage-first heap   total 290816K, used 170897K [0x000000070ce00000, 0x0000000800000000)
  region size 2048K, 6 young (12288K), 6 survivors (12288K)
 Metaspace       used 66460K, committed 66752K, reserved 1114112K
  class space    used 7054K, committed 7232K, reserved 1048576K
}

